Building configuration for SGRIMEE-M-4HJT...
warning: Git tree '/Users/sgrimee/.config/nix/nix-unified' is dirty
error:
       … while evaluating the attribute 'optionalValue.value'
         at /nix/store/s3s1slnjdmvgdcf4d5xx0grasqvwhxj7-source/lib/modules.nix:1148:5:
         1147|
         1148|     optionalValue = if isDefined then { value = mergedValue; } else { };
             |     ^
         1149|   };

       … while evaluating a branch condition
         at /nix/store/s3s1slnjdmvgdcf4d5xx0grasqvwhxj7-source/lib/modules.nix:1148:21:
         1147|
         1148|     optionalValue = if isDefined then { value = mergedValue; } else { };
             |                     ^
         1149|   };

       … while evaluating definitions from `/nix/store/449l6dvvp69cjx6g0m9840midg9azp0n-source/modules/system':

       (stack trace truncated; use '--show-trace' to show the full, detailed trace)

       error:
       Failed assertions:
       - Previously, some nix-darwin options applied to the user running
       `darwin-rebuild`. As part of a long‐term migration to make
       nix-darwin focus on system‐wide activation and support first‐class
       multi‐user setups, all system activation now runs as `root`, and
       these options instead apply to the `system.primaryUser` user.

       You currently have the following primary‐user‐requiring options set:

       * `homebrew.enable`
       * `system.defaults.NSGlobalDomain.AppleShowAllExtensions`
       * `system.defaults.NSGlobalDomain.AppleShowAllFiles`
       * `system.defaults.dock.autohide`
       * `system.defaults.dock.launchanim`
       * `system.defaults.dock.magnification`
       * `system.defaults.dock.orientation`
       * `system.defaults.dock.show-recents`
       * `system.defaults.dock.static-only`
       * `system.defaults.dock.tilesize`
       * `system.defaults.finder.AppleShowAllExtensions`
       * `system.defaults.finder.AppleShowAllFiles`
       * `system.defaults.finder.FXEnableExtensionChangeWarning`
       * `system.defaults.finder.FXPreferredViewStyle`
       * `system.defaults.finder._FXShowPosixPathInTitle`

       To continue using these options, set `system.primaryUser` to the name
       of the user you have been using to run `darwin-rebuild`.

       If you run into any unexpected issues with the migration, please
       open an issue at <https://github.com/nix-darwin/nix-darwin/issues/new>
       and include as much information as possible.
error: Recipe `build` failed on line 62 with exit code 1
error: Recipe `build-darwin` failed on line 483 with exit code 1
